<?xml version="1.0" encoding="UTF-8"?>
<!-- Generated by org.testng.reporters.JUnitReportReporter -->
<testsuite skipped="0" hostname="LAPTOP-93BLMV24" name="scenariofunctionality.scenario1" tests="1" failures="0" timestamp="19 Sep 2021 14:32:12 GMT" time="55.035" errors="0">
  <testcase name="functionality1" time="55.035" classname="scenariofunctionality.scenario1"/>
</testsuite> <!-- scenariofunctionality.scenario1 -->
